e:\c++ primer plus\chapter 2\2 settingouttoc++\project1\debug\vc142.pdb
e:\c++ primer plus\chapter 2\2 settingouttoc++\project1\debug\vc142.idb
e:\c++ primer plus\chapter 2\2 settingouttoc++\project1\debug\myfirst.obj
e:\c++ primer plus\chapter 2\2 settingouttoc++\project1\debug\getinfo.obj
e:\c++ primer plus\chapter 2\2 settingouttoc++\project1\debug\carrots.obj
e:\c++ primer plus\chapter 2\2 settingouttoc++\project1\debug\sqrt.obj
e:\c++ primer plus\chapter 2\2 settingouttoc++\project1\debug\ourfunc.obj
e:\c++ primer plus\chapter 2\2 settingouttoc++\project1\debug\convert.obj
e:\c++ primer plus\chapter 2\2 settingouttoc++\project1\debug\연습문제1.obj
e:\c++ primer plus\chapter 2\2 settingouttoc++\project1\debug\연습문제2.obj
e:\c++ primer plus\chapter 2\2 settingouttoc++\project1\debug\연습문제3.obj
e:\c++ primer plus\chapter 2\2 settingouttoc++\project1\debug\연습문제4.obj
e:\c++ primer plus\chapter 2\2 settingouttoc++\project1\debug\연습문제5.obj
e:\c++ primer plus\chapter 2\2 settingouttoc++\project1\debug\연습문제6.obj
e:\c++ primer plus\chapter 2\2 settingouttoc++\project1\debug\연습문제7.obj
e:\c++ primer plus\chapter 2\2 settingouttoc++\debug\project1.pdb
e:\c++ primer plus\chapter 2\2 settingouttoc++\debug\project1.exe
e:\c++ primer plus\chapter 2\2 settingouttoc++\debug\project1.ilk
e:\c++ primer plus\chapter 2\2 settingouttoc++\project1\debug\project1.tlog\cl.command.1.tlog
e:\c++ primer plus\chapter 2\2 settingouttoc++\project1\debug\project1.tlog\cl.read.1.tlog
e:\c++ primer plus\chapter 2\2 settingouttoc++\project1\debug\project1.tlog\cl.write.1.tlog
e:\c++ primer plus\chapter 2\2 settingouttoc++\project1\debug\project1.tlog\link.command.1.tlog
e:\c++ primer plus\chapter 2\2 settingouttoc++\project1\debug\project1.tlog\link.read.1.tlog
e:\c++ primer plus\chapter 2\2 settingouttoc++\project1\debug\project1.tlog\link.write.1.tlog
